09/08/2023 12:37:54 a. m.  Trace: Arguments: C:/Users/Arthu/OneDrive/Documentos/Persona5TextSwapper/Output\tutorial\scr\t054.bmd.msg -Out C:/Users/Arthu/OneDrive/Documentos/Persona5TextSwapper/Output\tutorial\scr\t054.bmd.bmd -Compile -OutFormat V1 -Library PQ2 -Encoding SJ
09/08/2023 12:37:54 a. m.  Info: Using SJ encoding
09/08/2023 12:37:54 a. m.  Info: Output file path is set to C:/Users/Arthu/OneDrive/Documentos/Persona5TextSwapper/Output\tutorial\scr\t054.bmd.bmd
09/08/2023 12:37:54 a. m.  Info: Compiling MessageScript...
09/08/2023 12:37:54 a. m.  Info: Parsing MessageScript source
09/08/2023 12:37:54 a. m.  Info: Done parsing MessageScript source
09/08/2023 12:37:54 a. m.  Info: (0001:0000) Compiling MessageScript compilation unit
09/08/2023 12:37:54 a. m.  Trace: (0001:0000) Compiling compilationUnit
09/08/2023 12:37:54 a. m.  Trace: (0001:0000) Compiling messageDialog
09/08/2023 12:37:54 a. m.  Info: (0001:0000) Compiling dialog window: msg001_MSG
09/08/2023 12:37:54 a. m.  Trace: (0001:0016) Compiling tokenText
09/08/2023 12:37:54 a. m.  Trace: (0002:0000) Compiling token
09/08/2023 12:37:54 a. m.  Trace: (0002:0013) Compiling token
09/08/2023 12:37:54 a. m.  Trace: (0002:0121) Compiling token
09/08/2023 12:37:54 a. m.  Trace: (0004:0000) Compiling messageDialog
09/08/2023 12:37:54 a. m.  Info: (0004:0000) Compiling dialog window: msg002_MSG
09/08/2023 12:37:54 a. m.  Trace: (0004:0016) Compiling tokenText
09/08/2023 12:37:54 a. m.  Trace: (0005:0000) Compiling token
09/08/2023 12:37:54 a. m.  Trace: (0005:0013) Compiling token
09/08/2023 12:37:54 a. m.  Trace: (0005:0166) Compiling token
09/08/2023 12:37:54 a. m.  Trace: (0007:0000) Compiling messageDialog
09/08/2023 12:37:54 a. m.  Info: (0007:0000) Compiling dialog window: msg003_MSG
09/08/2023 12:37:54 a. m.  Trace: (0007:0016) Compiling tokenText
09/08/2023 12:37:54 a. m.  Trace: (0008:0000) Compiling token
09/08/2023 12:37:54 a. m.  Trace: (0008:0013) Compiling token
09/08/2023 12:37:54 a. m.  Trace: (0008:0131) Compiling token
09/08/2023 12:37:54 a. m.  Trace: (0010:0000) Compiling messageDialog
09/08/2023 12:37:54 a. m.  Info: (0010:0000) Compiling dialog window: msg004_MSG
09/08/2023 12:37:54 a. m.  Trace: (0010:0016) Compiling tokenText
09/08/2023 12:37:54 a. m.  Trace: (0011:0000) Compiling token
09/08/2023 12:37:54 a. m.  Trace: (0011:0013) Compiling token
09/08/2023 12:37:54 a. m.  Trace: (0011:0115) Compiling token
09/08/2023 12:37:54 a. m.  Trace: (0013:0000) Compiling messageDialog
09/08/2023 12:37:54 a. m.  Info: (0013:0000) Compiling dialog window: msg005_MSG
09/08/2023 12:37:54 a. m.  Trace: (0013:0016) Compiling tokenText
09/08/2023 12:37:54 a. m.  Trace: (0014:0000) Compiling token
09/08/2023 12:37:54 a. m.  Trace: (0014:0013) Compiling token
09/08/2023 12:37:54 a. m.  Trace: (0014:0114) Compiling token
09/08/2023 12:37:54 a. m.  Trace: (0016:0000) Compiling messageDialog
09/08/2023 12:37:54 a. m.  Info: (0016:0000) Compiling dialog window: msg006_MSG
09/08/2023 12:37:54 a. m.  Trace: (0016:0016)